<?xml version="1.0" encoding="UTF-8"?>
<testsuite name="Retro calculator" tests="1" skipped="0" failures="0" errors="0" timestamp="2023-10-27T14:15:17" hostname="DESKTOP-EG65FMF" time="0.022">
  <properties/>
  <testcase name="should gives the same digit after pressing the equal key" classname="htw.berlin.prog2.ha1.CalculatorTest" time="0.022"/>
  <system-out><![CDATA[]]></system-out>
  <system-err><![CDATA[]]></system-err>
</testsuite>
